<?xml version="1.0" encoding="UTF-8"?>
<!-- Generated by org.testng.reporters.JUnitReportReporter -->
<testsuite hostname="DESKTOP-776KSUO" name="com.lambdatest.Tests.SingleExecution" tests="1" failures="0" timestamp="16 Oct 2020 13:24:48 GMT" time="7.425" errors="0">
  <testcase name="testSimple" time="7.425" classname="com.lambdatest.Tests.SingleExecution"/>
</testsuite> <!-- com.lambdatest.Tests.SingleExecution -->
